<?xml version="1.0" encoding="UTF-8"?>
<!-- Generated by org.testng.reporters.JUnitReportReporter -->
<testsuite hostname="DESKTOP-SNHFL9N" failures="0" tests="2" name="qa.test.testcase1" time="7.251" errors="0" timestamp="2025-01-16T20:37:00 IST" skipped="0">
  <testcase classname="qa.test.testcase1" name="f2" time="2.528"/>
  <testcase classname="qa.test.testcase1" name="f1" time="4.723"/>
</testsuite> <!-- qa.test.testcase1 -->
