<?xml version="1.0" encoding="UTF-8"?>
<!-- Generated by org.testng.reporters.JUnitReportReporter -->
<testsuite hostname="DESKTOP-SNHFL9N" failures="0" tests="2" name="qa.test.testcase1" time="6.733" errors="0" timestamp="2025-01-09T21:17:39 IST" skipped="0">
  <testcase classname="qa.test.testcase1" name="f2" time="3.387"/>
  <testcase classname="qa.test.testcase1" name="f1" time="3.346"/>
</testsuite> <!-- qa.test.testcase1 -->
